c:\users\cdjones1\desktop\artr\dx11_cs4d764_tutorial 3b\debug\dx11proj.pch
c:\users\cdjones1\desktop\artr\dx11_cs4d764_tutorial 3b\debug\vc120.pdb
c:\users\cdjones1\desktop\artr\dx11_cs4d764_tutorial 3b\debug\vc120.idb
c:\users\cdjones1\desktop\artr\dx11_cs4d764_tutorial 3b\debug\stdafx.obj
c:\users\cdjones1\desktop\artr\dx11_cs4d764_tutorial 3b\debug\grid.obj
c:\users\cdjones1\desktop\artr\dx11_cs4d764_tutorial 3b\debug\model.obj
c:\users\cdjones1\desktop\artr\dx11_cs4d764_tutorial 3b\debug\dxvertexparticle.obj
c:\users\cdjones1\desktop\artr\dx11_cs4d764_tutorial 3b\debug\effect.obj
c:\users\cdjones1\desktop\artr\dx11_cs4d764_tutorial 3b\debug\firstpersoncamera.obj
c:\users\cdjones1\desktop\artr\dx11_cs4d764_tutorial 3b\debug\cgdconsole.obj
c:\users\cdjones1\desktop\artr\dx11_cs4d764_tutorial 3b\debug\dxvertexbasic.obj
c:\users\cdjones1\desktop\artr\dx11_cs4d764_tutorial 3b\debug\dxvertexext.obj
c:\users\cdjones1\desktop\artr\dx11_cs4d764_tutorial 3b\debug\scene.obj
c:\users\cdjones1\desktop\artr\dx11_cs4d764_tutorial 3b\debug\dxsystem.obj
c:\users\cdjones1\desktop\artr\dx11_cs4d764_tutorial 3b\debug\cgdclock.obj
c:\users\cdjones1\desktop\artr\dx11_cs4d764_tutorial 3b\debug\gumemory.obj
c:\users\cdjones1\desktop\artr\dx11_cs4d764_tutorial 3b\debug\guobject.obj
c:\users\cdjones1\desktop\artr\dx11_cs4d764_tutorial 3b\debug\main.obj
c:\users\cdjones1\desktop\artr\dx11_cs4d764_tutorial 3b\debug\material.obj
c:\users\cdjones1\desktop\artr\dx11_cs4d764_tutorial 3b\debug\mesh.obj
c:\users\cdjones1\desktop\artr\dx11_cs4d764_tutorial 3b\debug\quad.obj
c:\users\cdjones1\desktop\artr\dx11_cs4d764_tutorial 3b\debug\terrain.obj
c:\users\cdjones1\desktop\artr\dx11_cs4d764_tutorial 3b\debug\texture.obj
c:\users\cdjones1\desktop\artr\dx11_cs4d764_tutorial 3b\debug\triangle.obj
c:\users\cdjones1\desktop\artr\dx11_cs4d764_tutorial 3b\debug\animation.obj
c:\users\cdjones1\desktop\artr\dx11_cs4d764_tutorial 3b\debug\box.obj
c:\users\cdjones1\desktop\artr\dx11_cs4d764_tutorial 3b\debug\camera.obj
c:\users\cdjones1\desktop\artr\dx11_cs4d764_tutorial 3b\debug\dxbasemodel.obj
c:\users\cdjones1\desktop\artr\dx11_cs4d764_tutorial 3b\shaders\cso\basic_colour_gs.cso
c:\users\cdjones1\desktop\artr\dx11_cs4d764_tutorial 3b\shaders\cso\basic_colour_ps.cso
c:\users\cdjones1\desktop\artr\dx11_cs4d764_tutorial 3b\shaders\cso\basic_colour_vs.cso
c:\users\cdjones1\desktop\artr\dx11_cs4d764_tutorial 3b\shaders\cso\convolve_u_ps.cso
c:\users\cdjones1\desktop\artr\dx11_cs4d764_tutorial 3b\shaders\cso\convolve_v_ps.cso
c:\users\cdjones1\desktop\artr\dx11_cs4d764_tutorial 3b\shaders\cso\copy_depth_ps.cso
c:\users\cdjones1\desktop\artr\dx11_cs4d764_tutorial 3b\shaders\cso\copy_ps.cso
c:\users\cdjones1\desktop\artr\dx11_cs4d764_tutorial 3b\shaders\cso\emissive_ps.cso
c:\users\cdjones1\desktop\artr\dx11_cs4d764_tutorial 3b\shaders\cso\fire_ps.cso
c:\users\cdjones1\desktop\artr\dx11_cs4d764_tutorial 3b\shaders\cso\fire_vs.cso
c:\users\cdjones1\desktop\artr\dx11_cs4d764_tutorial 3b\shaders\cso\grass_ps.cso
c:\users\cdjones1\desktop\artr\dx11_cs4d764_tutorial 3b\shaders\cso\grass_vs.cso
c:\users\cdjones1\desktop\artr\dx11_cs4d764_tutorial 3b\shaders\cso\ocean_ps.cso
c:\users\cdjones1\desktop\artr\dx11_cs4d764_tutorial 3b\shaders\cso\ocean_vs.cso
c:\users\cdjones1\desktop\artr\dx11_cs4d764_tutorial 3b\shaders\cso\reflection_map_ps.cso
c:\users\cdjones1\desktop\artr\dx11_cs4d764_tutorial 3b\shaders\cso\reflection_map_vs.cso
c:\users\cdjones1\desktop\artr\dx11_cs4d764_tutorial 3b\shaders\cso\screen_quad_vs.cso
c:\users\cdjones1\desktop\artr\dx11_cs4d764_tutorial 3b\shaders\cso\sky_box_ps.cso
c:\users\cdjones1\desktop\artr\dx11_cs4d764_tutorial 3b\shaders\cso\sky_box_vs.cso
c:\users\cdjones1\desktop\artr\dx11_cs4d764_tutorial 3b\shaders\cso\per_pixel_lighting_ps.cso
c:\users\cdjones1\desktop\artr\dx11_cs4d764_tutorial 3b\shaders\cso\per_pixel_lighting_vs.cso
c:\users\cdjones1\desktop\artr\dx11_cs4d764_tutorial 3b\shaders\cso\tree_ps.cso
c:\users\cdjones1\desktop\artr\dx11_cs4d764_tutorial 3b\shaders\cso\tree_vs.cso
c:\users\cdjones1\desktop\artr\dx11_cs4d764_tutorial 3b\shaders\cso\basic_texture_ps.cso
c:\users\cdjones1\desktop\artr\dx11_cs4d764_tutorial 3b\shaders\cso\basic_texture_vs.cso
c:\users\cdjones1\desktop\artr\dx11_cs4d764_tutorial 3b\debug\dx11proj.ilk
c:\users\cdjones1\desktop\artr\dx11_cs4d764_tutorial 3b\debug\dx11proj.exe
c:\users\cdjones1\desktop\artr\dx11_cs4d764_tutorial 3b\debug\dx11proj.pdb
c:\users\cdjones1\desktop\artr\dx11_cs4d764_tutorial 3b\debug\dx11proj.tlog\cl.command.1.tlog
c:\users\cdjones1\desktop\artr\dx11_cs4d764_tutorial 3b\debug\dx11proj.tlog\cl.read.1.tlog
c:\users\cdjones1\desktop\artr\dx11_cs4d764_tutorial 3b\debug\dx11proj.tlog\cl.write.1.tlog
c:\users\cdjones1\desktop\artr\dx11_cs4d764_tutorial 3b\debug\dx11proj.tlog\dx11proj.write.1u.tlog
c:\users\cdjones1\desktop\artr\dx11_cs4d764_tutorial 3b\debug\dx11proj.tlog\fxc.command.1.tlog
c:\users\cdjones1\desktop\artr\dx11_cs4d764_tutorial 3b\debug\dx11proj.tlog\fxc.read.1.tlog
c:\users\cdjones1\desktop\artr\dx11_cs4d764_tutorial 3b\debug\dx11proj.tlog\fxc.write.1.tlog
c:\users\cdjones1\desktop\artr\dx11_cs4d764_tutorial 3b\debug\dx11proj.tlog\link.command.1.tlog
c:\users\cdjones1\desktop\artr\dx11_cs4d764_tutorial 3b\debug\dx11proj.tlog\link.read.1.tlog
c:\users\cdjones1\desktop\artr\dx11_cs4d764_tutorial 3b\debug\dx11proj.tlog\link.write.1.tlog
